<?xml version="1.0" encoding="UTF-8"?>
<testng-results skipped="0" failed="0" ignored="0" total="1" passed="1">
  <reporter-output>
  </reporter-output>
  <suite name="Default suite" duration-ms="40094" started-at="2018-11-05T21:25:54Z" finished-at="2018-11-05T21:26:34Z">
    <groups>
    </groups>
    <test name="Default test" duration-ms="40094" started-at="2018-11-05T21:25:54Z" finished-at="2018-11-05T21:26:34Z">
      <class name="testNG.Sliding">
        <test-method status="PASS" signature="slide()[pri:0, instance:testNG.Sliding@e26948]" name="slide" duration-ms="40022" started-at="2018-11-05T13:25:54Z" finished-at="2018-11-05T13:26:34Z">
          <reporter-output>
          </reporter-output>
        </test-method> <!-- slide -->
      </class> <!-- testNG.Sliding -->
    </test> <!-- Default test -->
  </suite> <!-- Default suite -->
</testng-results>
