<?xml version="1.0" encoding="UTF-8"?>
<!-- Generated by org.testng.reporters.JUnitXMLReporter -->
<testsuite hostname="WINCTRL-0U6H77H" ignored="3" name="Default test" tests="2" failures="0" timestamp="22 Sep 2018 19:23:09 GMT" time="104.617" errors="0">
  <testcase name="clickOnNewContactTest" time="2.072" classname="com.qa.crm.testcases.HomePageTest"/>
  <testcase name="clickOnCompany" time="2.492" classname="com.qa.crm.testcases.HomePageTest"/>
  <testcase name="verifyHomePageImgTest" time="0.0" classname="com.qa.crm.testcases.HomePageTest">
    <ignored/>
  </testcase> <!-- verifyHomePageImgTest -->
  <testcase name="verifyUserlableTest" time="0.0" classname="com.qa.crm.testcases.HomePageTest">
    <ignored/>
  </testcase> <!-- verifyUserlableTest -->
  <testcase name="verifyPageTitleTest" time="0.0" classname="com.qa.crm.testcases.HomePageTest">
    <ignored/>
  </testcase> <!-- verifyPageTitleTest -->
</testsuite> <!-- Default test -->
