<?xml version="1.0" encoding="UTF-8"?>
<testng-results skipped="0" failed="0" ignored="0" total="1" passed="1">
  <reporter-output>
  </reporter-output>
  <suite name="Default suite" duration-ms="21131" started-at="2018-10-31T22:58:47Z" finished-at="2018-10-31T22:59:08Z">
    <groups>
    </groups>
    <test name="Default test" duration-ms="21131" started-at="2018-10-31T22:58:47Z" finished-at="2018-10-31T22:59:08Z">
      <class name="barCodeatmn.BarCodeTest">
        <test-method status="PASS" signature="barCodeTest()[pri:0, instance:barCodeatmn.BarCodeTest@60b431]" name="barCodeTest" duration-ms="20947" started-at="2018-10-31T22:58:47Z" finished-at="2018-10-31T22:59:08Z">
          <reporter-output>
          </reporter-output>
        </test-method> <!-- barCodeTest -->
      </class> <!-- barCodeatmn.BarCodeTest -->
    </test> <!-- Default test -->
  </suite> <!-- Default suite -->
</testng-results>
