<?xml version="1.0" encoding="UTF-8"?>
<!-- Generated by org.testng.reporters.JUnitXMLReporter -->
<testsuite hostname="WINCTRL-0U6H77H" ignored="0" name="Default test" tests="10" failures="0" timestamp="10 Sep 2018 12:17:21 GMT" time="169.088" errors="0">
  <testcase name="loginTest" time="3.831" classname="testNGdata.Dataprovider_loginTest"/>
  <testcase name="loginTest" time="4.231" classname="testNGdata.Dataprovider_loginTest"/>
  <testcase name="loginTest" time="4.586" classname="testNGdata.Dataprovider_loginTest"/>
  <testcase name="loginTest" time="2.704" classname="testNGdata.Dataprovider_loginTest"/>
  <testcase name="loginTest" time="4.108" classname="testNGdata.Dataprovider_loginTest"/>
  <testcase name="loginTest" time="3.993" classname="testNGdata.Dataprovider_loginTest"/>
  <testcase name="loginTest" time="3.463" classname="testNGdata.Dataprovider_loginTest"/>
  <testcase name="loginTest" time="4.106" classname="testNGdata.Dataprovider_loginTest"/>
  <testcase name="loginTest" time="3.081" classname="testNGdata.Dataprovider_loginTest"/>
  <testcase name="loginTest" time="4.272" classname="testNGdata.Dataprovider_loginTest"/>
</testsuite> <!-- Default test -->
