<?xml version="1.0" encoding="UTF-8"?>
<testng-results skipped="0" failed="0" ignored="0" total="10" passed="10">
  <reporter-output>
  </reporter-output>
  <suite name="Default suite" duration-ms="169088" started-at="2018-09-10T12:14:31Z" finished-at="2018-09-10T12:17:20Z">
    <groups>
    </groups>
    <test name="Default test" duration-ms="169088" started-at="2018-09-10T12:14:31Z" finished-at="2018-09-10T12:17:20Z">
      <class name="testNGdata.Dataprovider_loginTest">
        <test-method status="PASS" signature="setUP()[pri:0, instance:testNGdata.Dataprovider_loginTest@e26948]" name="setUP" is-config="true" duration-ms="15639" started-at="2018-09-10T17:44:34Z" finished-at="2018-09-10T17:44:50Z">
          <reporter-output>
          </reporter-output>
        </test-method> <!-- setUP -->
        <test-method status="PASS" signature="loginTest(java.lang.String, java.lang.String)[pri:0, instance:testNGdata.Dataprovider_loginTest@e26948]" name="loginTest" duration-ms="3831" started-at="2018-09-10T17:44:50Z" data-provider="getLoginData" finished-at="2018-09-10T17:44:53Z">
          <params>
            <param index="0">
              <value>
                <![CDATA[shobha]]>
              </value>
            </param>
            <param index="1">
              <value>
                <![CDATA[test]]>
              </value>
            </param>
          </params>
          <reporter-output>
          </reporter-output>
        </test-method> <!-- loginTest -->
        <test-method status="PASS" signature="tearDown()[pri:0, instance:testNGdata.Dataprovider_loginTest@e26948]" name="tearDown" is-config="true" duration-ms="1122" started-at="2018-09-10T17:44:53Z" finished-at="2018-09-10T17:44:55Z">
          <reporter-output>
          </reporter-output>
        </test-method> <!-- tearDown -->
        <test-method status="PASS" signature="setUP()[pri:0, instance:testNGdata.Dataprovider_loginTest@e26948]" name="setUP" is-config="true" duration-ms="13576" started-at="2018-09-10T17:44:55Z" finished-at="2018-09-10T17:45:08Z">
          <reporter-output>
          </reporter-output>
        </test-method> <!-- setUP -->
        <test-method status="PASS" signature="loginTest(java.lang.String, java.lang.String)[pri:0, instance:testNGdata.Dataprovider_loginTest@e26948]" name="loginTest" duration-ms="4231" started-at="2018-09-10T17:45:08Z" data-provider="getLoginData" finished-at="2018-09-10T17:45:12Z">
          <params>
            <param index="0">
              <value>
                <![CDATA[rani]]>
              </value>
            </param>
            <param index="1">
              <value>
                <![CDATA[test@123]]>
              </value>
            </param>
          </params>
          <reporter-output>
          </reporter-output>
        </test-method> <!-- loginTest -->
        <test-method status="PASS" signature="tearDown()[pri:0, instance:testNGdata.Dataprovider_loginTest@e26948]" name="tearDown" is-config="true" duration-ms="839" started-at="2018-09-10T17:45:12Z" finished-at="2018-09-10T17:45:13Z">
          <reporter-output>
          </reporter-output>
        </test-method> <!-- tearDown -->
        <test-method status="PASS" signature="setUP()[pri:0, instance:testNGdata.Dataprovider_loginTest@e26948]" name="setUP" is-config="true" duration-ms="12828" started-at="2018-09-10T17:45:13Z" finished-at="2018-09-10T17:45:26Z">
          <reporter-output>
          </reporter-output>
        </test-method> <!-- setUP -->
        <test-method status="PASS" signature="loginTest(java.lang.String, java.lang.String)[pri:0, instance:testNGdata.Dataprovider_loginTest@e26948]" name="loginTest" duration-ms="4586" started-at="2018-09-10T17:45:26Z" data-provider="getLoginData" finished-at="2018-09-10T17:45:31Z">
          <params>
            <param index="0">
              <value>
                <![CDATA[shobhak]]>
              </value>
            </param>
            <param index="1">
              <value>
                <![CDATA[test11]]>
              </value>
            </param>
          </params>
          <reporter-output>
          </reporter-output>
        </test-method> <!-- loginTest -->
        <test-method status="PASS" signature="tearDown()[pri:0, instance:testNGdata.Dataprovider_loginTest@e26948]" name="tearDown" is-config="true" duration-ms="1291" started-at="2018-09-10T17:45:31Z" finished-at="2018-09-10T17:45:32Z">
          <reporter-output>
          </reporter-output>
        </test-method> <!-- tearDown -->
        <test-method status="PASS" signature="setUP()[pri:0, instance:testNGdata.Dataprovider_loginTest@e26948]" name="setUP" is-config="true" duration-ms="10574" started-at="2018-09-10T17:45:32Z" finished-at="2018-09-10T17:45:43Z">
          <reporter-output>
          </reporter-output>
        </test-method> <!-- setUP -->
        <test-method status="PASS" signature="loginTest(java.lang.String, java.lang.String)[pri:0, instance:testNGdata.Dataprovider_loginTest@e26948]" name="loginTest" duration-ms="2704" started-at="2018-09-10T17:45:43Z" data-provider="getLoginData" finished-at="2018-09-10T17:45:45Z">
          <params>
            <param index="0">
              <value>
                <![CDATA[ranik]]>
              </value>
            </param>
            <param index="1">
              <value>
                <![CDATA[test123]]>
              </value>
            </param>
          </params>
          <reporter-output>
          </reporter-output>
        </test-method> <!-- loginTest -->
        <test-method status="PASS" signature="tearDown()[pri:0, instance:testNGdata.Dataprovider_loginTest@e26948]" name="tearDown" is-config="true" duration-ms="853" started-at="2018-09-10T17:45:45Z" finished-at="2018-09-10T17:45:46Z">
          <reporter-output>
          </reporter-output>
        </test-method> <!-- tearDown -->
        <test-method status="PASS" signature="setUP()[pri:0, instance:testNGdata.Dataprovider_loginTest@e26948]" name="setUP" is-config="true" duration-ms="11635" started-at="2018-09-10T17:45:46Z" finished-at="2018-09-10T17:45:58Z">
          <reporter-output>
          </reporter-output>
        </test-method> <!-- setUP -->
        <test-method status="PASS" signature="loginTest(java.lang.String, java.lang.String)[pri:0, instance:testNGdata.Dataprovider_loginTest@e26948]" name="loginTest" duration-ms="4108" started-at="2018-09-10T17:45:58Z" data-provider="getLoginData" finished-at="2018-09-10T17:46:02Z">
          <params>
            <param index="0">
              <value>
                <![CDATA[shobhark]]>
              </value>
            </param>
            <param index="1">
              <value>
                <![CDATA[testtt]]>
              </value>
            </param>
          </params>
          <reporter-output>
          </reporter-output>
        </test-method> <!-- loginTest -->
        <test-method status="PASS" signature="tearDown()[pri:0, instance:testNGdata.Dataprovider_loginTest@e26948]" name="tearDown" is-config="true" duration-ms="840" started-at="2018-09-10T17:46:02Z" finished-at="2018-09-10T17:46:03Z">
          <reporter-output>
          </reporter-output>
        </test-method> <!-- tearDown -->
        <test-method status="PASS" signature="setUP()[pri:0, instance:testNGdata.Dataprovider_loginTest@e26948]" name="setUP" is-config="true" duration-ms="10690" started-at="2018-09-10T17:46:03Z" finished-at="2018-09-10T17:46:13Z">
          <reporter-output>
          </reporter-output>
        </test-method> <!-- setUP -->
        <test-method status="PASS" signature="loginTest(java.lang.String, java.lang.String)[pri:0, instance:testNGdata.Dataprovider_loginTest@e26948]" name="loginTest" duration-ms="3993" started-at="2018-09-10T17:46:13Z" data-provider="getLoginData" finished-at="2018-09-10T17:46:17Z">
          <params>
            <param index="0">
              <value>
                <![CDATA[swith]]>
              </value>
            </param>
            <param index="1">
              <value>
                <![CDATA[test]]>
              </value>
            </param>
          </params>
          <reporter-output>
          </reporter-output>
        </test-method> <!-- loginTest -->
        <test-method status="PASS" signature="tearDown()[pri:0, instance:testNGdata.Dataprovider_loginTest@e26948]" name="tearDown" is-config="true" duration-ms="875" started-at="2018-09-10T17:46:17Z" finished-at="2018-09-10T17:46:18Z">
          <reporter-output>
          </reporter-output>
        </test-method> <!-- tearDown -->
        <test-method status="PASS" signature="setUP()[pri:0, instance:testNGdata.Dataprovider_loginTest@e26948]" name="setUP" is-config="true" duration-ms="10558" started-at="2018-09-10T17:46:18Z" finished-at="2018-09-10T17:46:29Z">
          <reporter-output>
          </reporter-output>
        </test-method> <!-- setUP -->
        <test-method status="PASS" signature="loginTest(java.lang.String, java.lang.String)[pri:0, instance:testNGdata.Dataprovider_loginTest@e26948]" name="loginTest" duration-ms="3463" started-at="2018-09-10T17:46:29Z" data-provider="getLoginData" finished-at="2018-09-10T17:46:32Z">
          <params>
            <param index="0">
              <value>
                <![CDATA[sashrik]]>
              </value>
            </param>
            <param index="1">
              <value>
                <![CDATA[tesst]]>
              </value>
            </param>
          </params>
          <reporter-output>
          </reporter-output>
        </test-method> <!-- loginTest -->
        <test-method status="PASS" signature="tearDown()[pri:0, instance:testNGdata.Dataprovider_loginTest@e26948]" name="tearDown" is-config="true" duration-ms="824" started-at="2018-09-10T17:46:32Z" finished-at="2018-09-10T17:46:33Z">
          <reporter-output>
          </reporter-output>
        </test-method> <!-- tearDown -->
        <test-method status="PASS" signature="setUP()[pri:0, instance:testNGdata.Dataprovider_loginTest@e26948]" name="setUP" is-config="true" duration-ms="10348" started-at="2018-09-10T17:46:33Z" finished-at="2018-09-10T17:46:43Z">
          <reporter-output>
          </reporter-output>
        </test-method> <!-- setUP -->
        <test-method status="PASS" signature="loginTest(java.lang.String, java.lang.String)[pri:0, instance:testNGdata.Dataprovider_loginTest@e26948]" name="loginTest" duration-ms="4106" started-at="2018-09-10T17:46:43Z" data-provider="getLoginData" finished-at="2018-09-10T17:46:48Z">
          <params>
            <param index="0">
              <value>
                <![CDATA[deep]]>
              </value>
            </param>
            <param index="1">
              <value>
                <![CDATA[test]]>
              </value>
            </param>
          </params>
          <reporter-output>
          </reporter-output>
        </test-method> <!-- loginTest -->
        <test-method status="PASS" signature="tearDown()[pri:0, instance:testNGdata.Dataprovider_loginTest@e26948]" name="tearDown" is-config="true" duration-ms="831" started-at="2018-09-10T17:46:48Z" finished-at="2018-09-10T17:46:48Z">
          <reporter-output>
          </reporter-output>
        </test-method> <!-- tearDown -->
        <test-method status="PASS" signature="setUP()[pri:0, instance:testNGdata.Dataprovider_loginTest@e26948]" name="setUP" is-config="true" duration-ms="12058" started-at="2018-09-10T17:46:48Z" finished-at="2018-09-10T17:47:00Z">
          <reporter-output>
          </reporter-output>
        </test-method> <!-- setUP -->
        <test-method status="PASS" signature="loginTest(java.lang.String, java.lang.String)[pri:0, instance:testNGdata.Dataprovider_loginTest@e26948]" name="loginTest" duration-ms="3081" started-at="2018-09-10T17:47:00Z" data-provider="getLoginData" finished-at="2018-09-10T17:47:04Z">
          <params>
            <param index="0">
              <value>
                <![CDATA[deepthi]]>
              </value>
            </param>
            <param index="1">
              <value>
                <![CDATA[testtt]]>
              </value>
            </param>
          </params>
          <reporter-output>
          </reporter-output>
        </test-method> <!-- loginTest -->
        <test-method status="PASS" signature="tearDown()[pri:0, instance:testNGdata.Dataprovider_loginTest@e26948]" name="tearDown" is-config="true" duration-ms="841" started-at="2018-09-10T17:47:04Z" finished-at="2018-09-10T17:47:04Z">
          <reporter-output>
          </reporter-output>
        </test-method> <!-- tearDown -->
        <test-method status="PASS" signature="setUP()[pri:0, instance:testNGdata.Dataprovider_loginTest@e26948]" name="setUP" is-config="true" duration-ms="10734" started-at="2018-09-10T17:47:04Z" finished-at="2018-09-10T17:47:15Z">
          <reporter-output>
          </reporter-output>
        </test-method> <!-- setUP -->
        <test-method status="PASS" signature="loginTest(java.lang.String, java.lang.String)[pri:0, instance:testNGdata.Dataprovider_loginTest@e26948]" name="loginTest" duration-ms="4272" started-at="2018-09-10T17:47:15Z" data-provider="getLoginData" finished-at="2018-09-10T17:47:19Z">
          <params>
            <param index="0">
              <value>
                <![CDATA[shhhh]]>
              </value>
            </param>
            <param index="1">
              <value>
                <![CDATA[test123]]>
              </value>
            </param>
          </params>
          <reporter-output>
          </reporter-output>
        </test-method> <!-- loginTest -->
        <test-method status="PASS" signature="tearDown()[pri:0, instance:testNGdata.Dataprovider_loginTest@e26948]" name="tearDown" is-config="true" duration-ms="1087" started-at="2018-09-10T17:47:19Z" finished-at="2018-09-10T17:47:20Z">
          <reporter-output>
          </reporter-output>
        </test-method> <!-- tearDown -->
      </class> <!-- testNGdata.Dataprovider_loginTest -->
    </test> <!-- Default test -->
  </suite> <!-- Default suite -->
</testng-results>
