<?xml version="1.0" encoding="UTF-8"?>
<!-- Generated by org.testng.reporters.JUnitXMLReporter -->
<testsuite hostname="ADMIN-PC" ignored="0" name="OrangeHRM" tests="3" failures="1" timestamp="07 Oct 2018 02:59:40 GMT" time="36.971" errors="0">
  <testcase name="verifyPageTitleTest" time="0.038" classname="com.hrm.qa.testcases.LoginPageTest">
    <failure type="junit.framework.ComparisonFailure" message="OrangeHRM expected:&amp;lt;[OrangeHRM]&amp;gt; but was:&amp;lt;[Title is not matching]&amp;gt;">
      <![CDATA[junit.framework.ComparisonFailure: OrangeHRM expected:<[OrangeHRM]> but was:<[Title is not matching]>
	at junit.framework.Assert.assertEquals(Assert.java:100)
	at com.hrm.qa.testcases.LoginPageTest.verifyPageTitleTest(LoginPageTest.java:36)
... Removed 25 stack frames]]>
    </failure>
  </testcase> <!-- verifyPageTitleTest -->
  <testcase name="verifyImage" time="0.091" classname="com.hrm.qa.testcases.LoginPageTest"/>
  <testcase name="verifyLogin" time="4.944" classname="com.hrm.qa.testcases.LoginPageTest"/>
</testsuite> <!-- OrangeHRM -->
