<?xml version="1.0" encoding="UTF-8"?>
<testng-results skipped="0" failed="1" ignored="0" total="3" passed="2">
  <reporter-output>
  </reporter-output>
  <suite name="OrangeHRM test" duration-ms="36971" started-at="2018-10-07T02:59:03Z" finished-at="2018-10-07T02:59:40Z">
    <groups>
    </groups>
    <test name="OrangeHRM" duration-ms="36971" started-at="2018-10-07T02:59:03Z" finished-at="2018-10-07T02:59:40Z">
      <class name="com.hrm.qa.testcases.LoginPageTest">
        <test-method status="PASS" signature="setUP()[pri:0, instance:com.hrm.qa.testcases.LoginPageTest@1caeb3e]" name="setUP" is-config="true" duration-ms="11587" started-at="2018-10-06T19:59:03Z" finished-at="2018-10-06T19:59:14Z">
          <reporter-output>
          </reporter-output>
        </test-method> <!-- setUP -->
        <test-method status="FAIL" signature="verifyPageTitleTest()[pri:1, instance:com.hrm.qa.testcases.LoginPageTest@1caeb3e]" name="verifyPageTitleTest" duration-ms="38" started-at="2018-10-06T19:59:14Z" finished-at="2018-10-06T19:59:14Z">
          <exception class="junit.framework.ComparisonFailure">
            <message>
              <![CDATA[OrangeHRM expected:<[OrangeHRM]> but was:<[Title is not matching]>]]>
            </message>
            <full-stacktrace>
              <![CDATA[junit.framework.ComparisonFailure: OrangeHRM expected:<[OrangeHRM]> but was:<[Title is not matching]>
	at junit.framework.Assert.assertEquals(Assert.java:100)
	at com.hrm.qa.testcases.LoginPageTest.verifyPageTitleTest(LoginPageTest.java:36)
	at sun.reflect.NativeMethodAccessorImpl.invoke0(Native Method)
	at sun.reflect.NativeMethodAccessorImpl.invoke(Unknown Source)
	at sun.reflect.DelegatingMethodAccessorImpl.invoke(Unknown Source)
	at java.lang.reflect.Method.invoke(Unknown Source)
	at org.testng.internal.MethodInvocationHelper.invokeMethod(MethodInvocationHelper.java:108)
	at org.testng.internal.Invoker.invokeMethod(Invoker.java:661)
	at org.testng.internal.Invoker.invokeTestMethod(Invoker.java:869)
	at org.testng.internal.Invoker.invokeTestMethods(Invoker.java:1193)
	at org.testng.internal.TestMethodWorker.invokeTestMethods(TestMethodWorker.java:126)
	at org.testng.internal.TestMethodWorker.run(TestMethodWorker.java:109)
	at org.testng.TestRunner.privateRun(TestRunner.java:744)
	at org.testng.TestRunner.run(TestRunner.java:602)
	at org.testng.SuiteRunner.runTest(SuiteRunner.java:380)
	at org.testng.SuiteRunner.runSequentially(SuiteRunner.java:375)
	at org.testng.SuiteRunner.privateRun(SuiteRunner.java:340)
	at org.testng.SuiteRunner.run(SuiteRunner.java:289)
	at org.testng.SuiteRunnerWorker.runSuite(SuiteRunnerWorker.java:52)
	at org.testng.SuiteRunnerWorker.run(SuiteRunnerWorker.java:86)
	at org.testng.TestNG.runSuitesSequentially(TestNG.java:1301)
	at org.testng.TestNG.runSuitesLocally(TestNG.java:1226)
	at org.testng.TestNG.runSuites(TestNG.java:1144)
	at org.testng.TestNG.run(TestNG.java:1115)
	at org.testng.remote.AbstractRemoteTestNG.run(AbstractRemoteTestNG.java:114)
	at org.testng.remote.RemoteTestNG.initAndRun(RemoteTestNG.java:251)
	at org.testng.remote.RemoteTestNG.main(RemoteTestNG.java:77)
]]>
            </full-stacktrace>
          </exception> <!-- junit.framework.ComparisonFailure -->
          <reporter-output>
          </reporter-output>
        </test-method> <!-- verifyPageTitleTest -->
        <test-method status="PASS" signature="tearDown()[pri:0, instance:com.hrm.qa.testcases.LoginPageTest@1caeb3e]" name="tearDown" is-config="true" duration-ms="761" started-at="2018-10-06T19:59:14Z" finished-at="2018-10-06T19:59:15Z">
          <reporter-output>
          </reporter-output>
        </test-method> <!-- tearDown -->
        <test-method status="PASS" signature="setUP()[pri:0, instance:com.hrm.qa.testcases.LoginPageTest@1caeb3e]" name="setUP" is-config="true" duration-ms="8016" started-at="2018-10-06T19:59:15Z" finished-at="2018-10-06T19:59:23Z">
          <reporter-output>
          </reporter-output>
        </test-method> <!-- setUP -->
        <test-method status="PASS" signature="verifyImage()[pri:2, instance:com.hrm.qa.testcases.LoginPageTest@1caeb3e]" name="verifyImage" duration-ms="91" started-at="2018-10-06T19:59:23Z" finished-at="2018-10-06T19:59:23Z">
          <reporter-output>
          </reporter-output>
        </test-method> <!-- verifyImage -->
        <test-method status="PASS" signature="tearDown()[pri:0, instance:com.hrm.qa.testcases.LoginPageTest@1caeb3e]" name="tearDown" is-config="true" duration-ms="742" started-at="2018-10-06T19:59:23Z" finished-at="2018-10-06T19:59:24Z">
          <reporter-output>
          </reporter-output>
        </test-method> <!-- tearDown -->
        <test-method status="PASS" signature="setUP()[pri:0, instance:com.hrm.qa.testcases.LoginPageTest@1caeb3e]" name="setUP" is-config="true" duration-ms="9945" started-at="2018-10-06T19:59:24Z" finished-at="2018-10-06T19:59:34Z">
          <reporter-output>
          </reporter-output>
        </test-method> <!-- setUP -->
        <test-method status="PASS" signature="verifyLogin()[pri:3, instance:com.hrm.qa.testcases.LoginPageTest@1caeb3e]" name="verifyLogin" duration-ms="4944" started-at="2018-10-06T19:59:34Z" finished-at="2018-10-06T19:59:39Z">
          <reporter-output>
          </reporter-output>
        </test-method> <!-- verifyLogin -->
        <test-method status="PASS" signature="tearDown()[pri:0, instance:com.hrm.qa.testcases.LoginPageTest@1caeb3e]" name="tearDown" is-config="true" duration-ms="776" started-at="2018-10-06T19:59:39Z" finished-at="2018-10-06T19:59:40Z">
          <reporter-output>
          </reporter-output>
        </test-method> <!-- tearDown -->
      </class> <!-- com.hrm.qa.testcases.LoginPageTest -->
    </test> <!-- OrangeHRM -->
  </suite> <!-- OrangeHRM test -->
</testng-results>
